<?xml version="1.0" encoding="UTF-8"?>
<testng-results skipped="0" failed="0" total="7" passed="7">
  <reporter-output>
  </reporter-output>
  <suite name="priti-suite" duration-ms="43204" started-at="2021-03-29T22:07:10Z" finished-at="2021-03-29T22:07:53Z">
    <groups>
    </groups>
    <test name="priti-test" duration-ms="43204" started-at="2021-03-29T22:07:10Z" finished-at="2021-03-29T22:07:53Z">
      <class name="priti.Priti">
        <test-method status="PASS" signature="VerifyLogin()[pri:0, instance:priti.Priti@57829d67]" name="VerifyLogin" duration-ms="10365" started-at="2021-03-29T17:07:10Z" finished-at="2021-03-29T17:07:20Z">
          <reporter-output>
          </reporter-output>
        </test-method> <!-- VerifyLogin -->
        <test-method status="PASS" signature="AddEmp()[pri:0, instance:priti.Priti@57829d67]" name="AddEmp" duration-ms="20547" started-at="2021-03-29T17:07:20Z" finished-at="2021-03-29T17:07:41Z">
          <reporter-output>
          </reporter-output>
        </test-method> <!-- AddEmp -->
        <test-method status="PASS" signature="editEmp()[pri:0, instance:priti.Priti@57829d67]" name="editEmp" duration-ms="0" started-at="2021-03-29T17:07:41Z" finished-at="2021-03-29T17:07:41Z">
          <reporter-output>
          </reporter-output>
        </test-method> <!-- editEmp -->
        <test-method status="PASS" signature="deleteEmp()[pri:0, instance:priti.Priti@57829d67]" name="deleteEmp" duration-ms="1" started-at="2021-03-29T17:07:41Z" finished-at="2021-03-29T17:07:41Z">
          <reporter-output>
          </reporter-output>
        </test-method> <!-- deleteEmp -->
      </class> <!-- priti.Priti -->
      <class name="guru99.Login">
        <test-method status="PASS" signature="verifydata(java.lang.String, java.lang.String)[pri:0, instance:guru99.Login@880ec60]" name="verifydata" duration-ms="4572" started-at="2021-03-29T17:07:41Z" data-provider="getData" finished-at="2021-03-29T17:07:45Z">
          <params>
            <param index="0">
              <value>
                <![CDATA[mngr311945]]>
              </value>
            </param>
            <param index="1">
              <value>
                <![CDATA[dAdUher]]>
              </value>
            </param>
          </params>
          <reporter-output>
          </reporter-output>
        </test-method> <!-- verifydata -->
        <test-method status="PASS" signature="verifydata(java.lang.String, java.lang.String)[pri:0, instance:guru99.Login@880ec60]" name="verifydata" duration-ms="3763" started-at="2021-03-29T17:07:45Z" data-provider="getData" finished-at="2021-03-29T17:07:49Z">
          <params>
            <param index="0">
              <value>
                <![CDATA[test1]]>
              </value>
            </param>
            <param index="1">
              <value>
                <![CDATA[password1]]>
              </value>
            </param>
          </params>
          <reporter-output>
          </reporter-output>
        </test-method> <!-- verifydata -->
        <test-method status="PASS" signature="verifydata(java.lang.String, java.lang.String)[pri:0, instance:guru99.Login@880ec60]" name="verifydata" duration-ms="3946" started-at="2021-03-29T17:07:49Z" data-provider="getData" finished-at="2021-03-29T17:07:53Z">
          <params>
            <param index="0">
              <value>
                <![CDATA[test2]]>
              </value>
            </param>
            <param index="1">
              <value>
                <![CDATA[password2]]>
              </value>
            </param>
          </params>
          <reporter-output>
          </reporter-output>
        </test-method> <!-- verifydata -->
      </class> <!-- guru99.Login -->
    </test> <!-- priti-test -->
  </suite> <!-- priti-suite -->
</testng-results>
