<?xml version="1.0" encoding="UTF-8"?>
<!-- Generated by org.testng.reporters.JUnitXMLReporter -->
<testsuite hostname="pritic" name="priti-test" tests="7" failures="0" timestamp="29 Mar 2021 22:07:53 GMT" time="43.204" errors="0">
  <testcase name="VerifyLogin" time="10.365" classname="priti.Priti"/>
  <testcase name="AddEmp" time="20.547" classname="priti.Priti"/>
  <testcase name="editEmp" time="0.0" classname="priti.Priti"/>
  <testcase name="deleteEmp" time="0.001" classname="priti.Priti"/>
  <testcase name="verifydata" time="4.572" classname="guru99.Login"/>
  <testcase name="verifydata" time="3.763" classname="guru99.Login"/>
  <testcase name="verifydata" time="3.946" classname="guru99.Login"/>
</testsuite> <!-- priti-test -->
